Connected to pydev debugger (build 182.5107.15)
2018-12-12 14:44:37 [scrapy.utils.log] INFO: Scrapy 1.5.1 started (bot: doc)
2018-12-12 14:44:37 [scrapy.utils.log] INFO: Versions: lxml 4.2.5.0, libxml2 2.9.8, cssselect 1.0.3, parsel 1.5.0, w3lib 1.19.0, Twisted 18.7.0, Python 3.6.0b4 (v3.6.0b4:18496abdb3d5, Nov 21 2016, 20:44:47) - [GCC 4.2.1 (Apple Inc. build 5666) (dot 3)], pyOpenSSL 18.0.0 (OpenSSL 1.1.0i  14 Aug 2018), cryptography 2.3.1, Platform Darwin-18.2.0-x86_64-i386-64bit
2018-12-12 14:44:37 [scrapy.crawler] INFO: Overridden settings: {'BOT_NAME': 'doc', 'NEWSPIDER_MODULE': 'doc.spiders', 'ROBOTSTXT_OBEY': True, 'SPIDER_MODULES': ['doc.spiders']}
2018-12-12 14:44:37 [scrapy.middleware] INFO: Enabled extensions:
['scrapy.extensions.corestats.CoreStats',
 'scrapy.extensions.telnet.TelnetConsole',
 'scrapy.extensions.memusage.MemoryUsage',
 'scrapy.extensions.logstats.LogStats']
2018-12-12 14:44:37 [scrapy.middleware] INFO: Enabled downloader middlewares:
['scrapy.downloadermiddlewares.robotstxt.RobotsTxtMiddleware',
 'scrapy.downloadermiddlewares.httpauth.HttpAuthMiddleware',
 'scrapy.downloadermiddlewares.downloadtimeout.DownloadTimeoutMiddleware',
 'scrapy.downloadermiddlewares.defaultheaders.DefaultHeadersMiddleware',
 'scrapy.downloadermiddlewares.useragent.UserAgentMiddleware',
 'scrapy.downloadermiddlewares.retry.RetryMiddleware',
 'scrapy.downloadermiddlewares.redirect.MetaRefreshMiddleware',
 'scrapy.downloadermiddlewares.httpcompression.HttpCompressionMiddleware',
 'scrapy.downloadermiddlewares.redirect.RedirectMiddleware',
 'scrapy.downloadermiddlewares.cookies.CookiesMiddleware',
 'scrapy.downloadermiddlewares.httpproxy.HttpProxyMiddleware',
 'scrapy.downloadermiddlewares.stats.DownloaderStats']
2018-12-12 14:44:37 [scrapy.middleware] INFO: Enabled spider middlewares:
['scrapy.spidermiddlewares.httperror.HttpErrorMiddleware',
 'scrapy.spidermiddlewares.offsite.OffsiteMiddleware',
 'scrapy.spidermiddlewares.referer.RefererMiddleware',
 'scrapy.spidermiddlewares.urllength.UrlLengthMiddleware',
 'scrapy.spidermiddlewares.depth.DepthMiddleware']
2018-12-12 14:44:37 [scrapy.middleware] INFO: Enabled item pipelines:
[]
2018-12-12 14:44:37 [scrapy.core.engine] INFO: Spider opened
2018-12-12 14:44:37 [scrapy.extensions.logstats] INFO: Crawled 0 pages (at 0 pages/min), scraped 0 items (at 0 items/min)
2018-12-12 14:44:37 [scrapy.extensions.telnet] DEBUG: Telnet console listening on 127.0.0.1:6023
2018-12-12 14:44:38 [scrapy.core.engine] DEBUG: Crawled (404) <GET http://docs.kernelcare.com/robots.txt> (referer: None)
2018-12-12 14:44:38 [scrapy.core.engine] DEBUG: Crawled (200) <GET http://docs.kernelcare.com/kcdocs_content.htm> (referer: None)
2018-12-12 14:44:38 [scrapy.core.engine] DEBUG: Crawled (200) <GET http://docs.kernelcare.com/installation.htm> (referer: http://docs.kernelcare.com/kcdocs_content.htm)
2018-12-12 14:44:39 [scrapy.core.engine] DEBUG: Crawled (200) <GET http://docs.kernelcare.com/switching_from_ksplice.htm> (referer: http://docs.kernelcare.com/installation.htm)
2018-12-12 14:44:39 [scrapy.core.engine] DEBUG: Crawled (200) <GET http://docs.kernelcare.com/settings.htm> (referer: http://docs.kernelcare.com/switching_from_ksplice.htm)
2018-12-12 14:44:39 [scrapy.core.engine] DEBUG: Crawled (200) <GET http://docs.kernelcare.com/command_line.htm> (referer: http://docs.kernelcare.com/settings.htm)
2018-12-12 14:44:40 [scrapy.core.engine] DEBUG: Crawled (200) <GET http://docs.kernelcare.com/kcarectl.htm> (referer: http://docs.kernelcare.com/command_line.htm)
WARNING: Possible broken url - managing_servers.htm#addingextratagfield
2018-12-12 14:44:40 [scrapy.core.engine] DEBUG: Crawled (200) <GET http://docs.kernelcare.com/kcare-uname.htm> (referer: http://docs.kernelcare.com/kcarectl.htm)
2018-12-12 14:44:40 [scrapy.core.engine] DEBUG: Crawled (200) <GET http://docs.kernelcare.com/config_options.htm> (referer: http://docs.kernelcare.com/kcare-uname.htm)
2018-12-12 14:44:41 [scrapy.core.engine] DEBUG: Crawled (200) <GET http://docs.kernelcare.com/disabling_some_patches.htm> (referer: http://docs.kernelcare.com/config_options.htm)
2018-12-12 14:44:41 [scrapy.core.engine] DEBUG: Crawled (200) <GET http://docs.kernelcare.com/delayed_feed.htm> (referer: http://docs.kernelcare.com/disabling_some_patches.htm)
2018-12-12 14:44:41 [scrapy.core.engine] DEBUG: Crawled (200) <GET http://docs.kernelcare.com/extra_patchset.htm> (referer: http://docs.kernelcare.com/delayed_feed.htm)
2018-12-12 14:44:42 [scrapy.core.engine] DEBUG: Crawled (200) <GET http://docs.kernelcare.com/sticky_patches.htm> (referer: http://docs.kernelcare.com/extra_patchset.htm)
2018-12-12 14:44:42 [scrapy.core.engine] DEBUG: Crawled (200) <GET http://docs.kernelcare.com/nagios_plugin.htm> (referer: http://docs.kernelcare.com/sticky_patches.htm)
2018-12-12 14:44:45 [scrapy.core.engine] DEBUG: Crawled (200) <GET http://docs.kernelcare.com/zabbix_template.htm> (referer: http://docs.kernelcare.com/nagios_plugin.htm)
2018-12-12 14:44:45 [scrapy.core.engine] DEBUG: Crawled (200) <GET http://docs.kernelcare.com/upgrade.htm> (referer: http://docs.kernelcare.com/zabbix_template.htm)
2018-12-12 14:44:45 [scrapy.core.engine] DEBUG: Crawled (200) <GET http://docs.kernelcare.com/uninstall.htm> (referer: http://docs.kernelcare.com/upgrade.htm)
2018-12-12 14:44:45 [scrapy.core.engine] DEBUG: Crawled (200) <GET http://docs.kernelcare.com/technology.htm> (referer: http://docs.kernelcare.com/uninstall.htm)
2018-12-12 14:44:46 [scrapy.core.engine] DEBUG: Crawled (200) <GET http://docs.kernelcare.com/reseller_partner_ui.htm> (referer: http://docs.kernelcare.com/technology.htm)
2018-12-12 14:44:53 [scrapy.core.engine] DEBUG: Crawled (200) <GET http://docs.kernelcare.com/kernelcare_enterprise.htm> (referer: http://docs.kernelcare.com/reseller_partner_ui.htm)
2018-12-12 14:44:53 [scrapy.core.engine] DEBUG: Crawled (200) <GET http://docs.kernelcare.com/installation2.htm> (referer: http://docs.kernelcare.com/kernelcare_enterprise.htm)
2018-12-12 14:44:53 [scrapy.core.engine] DEBUG: Crawled (200) <GET http://docs.kernelcare.com/managing_users.htm> (referer: http://docs.kernelcare.com/installation2.htm)
2018-12-12 14:44:54 [scrapy.core.engine] DEBUG: Crawled (200) <GET http://docs.kernelcare.com/accessing_eportal.htm> (referer: http://docs.kernelcare.com/managing_users.htm)
2018-12-12 14:44:54 [scrapy.core.engine] DEBUG: Crawled (200) <GET http://docs.kernelcare.com/patchset_deployment.htm> (referer: http://docs.kernelcare.com/accessing_eportal.htm)
2018-12-12 14:44:56 [scrapy.core.engine] DEBUG: Crawled (200) <GET http://docs.kernelcare.com/managing_keys.htm> (referer: http://docs.kernelcare.com/patchset_deployment.htm)
2018-12-12 14:44:57 [scrapy.core.engine] DEBUG: Crawled (200) <GET http://docs.kernelcare.com/managing_servers.htm> (referer: http://docs.kernelcare.com/managing_keys.htm)
WARNING: Possible broken link - 'feed_management' for url='kernelcare_enterprise/managing_servers' and text='Feed Management'. Please do find 'feed_management' and fix in the result files
WARNING: Possible broken link - 'addingextratagfield' for url='kernelcare_enterprise/managing_servers' and text='Adding extra Tag field'. Please do find 'addingextratagfield' and fix in the result files
2018-12-12 14:45:02 [scrapy.core.engine] DEBUG: Crawled (200) <GET http://docs.kernelcare.com/deploying_kernelcare.htm> (referer: http://docs.kernelcare.com/managing_servers.htm)
2018-12-12 14:45:03 [scrapy.core.engine] DEBUG: Crawled (200) <GET http://docs.kernelcare.com/kernelcare_client_config_file.htm> (referer: http://docs.kernelcare.com/deploying_kernelcare.htm)
2018-12-12 14:45:03 [scrapy.core.engine] DEBUG: Crawled (200) <GET http://docs.kernelcare.com/changing_eportal_ip.htm> (referer: http://docs.kernelcare.com/kernelcare_client_config_file.htm)
2018-12-12 14:45:03 [scrapy.core.engine] DEBUG: Crawled (200) <GET http://docs.kernelcare.com/configuration__locations.htm> (referer: http://docs.kernelcare.com/changing_eportal_ip.htm)
2018-12-12 14:45:04 [scrapy.core.engine] DEBUG: Crawled (200) <GET http://docs.kernelcare.com/stopping__starting.htm> (referer: http://docs.kernelcare.com/configuration__locations.htm)
2018-12-12 14:45:04 [scrapy.core.engine] DEBUG: Crawled (200) <GET http://docs.kernelcare.com/log_files.htm> (referer: http://docs.kernelcare.com/stopping__starting.htm)
2018-12-12 14:45:05 [scrapy.core.engine] DEBUG: Crawled (200) <GET http://docs.kernelcare.com/eportal_api.htm> (referer: http://docs.kernelcare.com/log_files.htm)
2018-12-12 14:45:05 [scrapy.core.engine] DEBUG: Crawled (200) <GET http://docs.kernelcare.com/nagios__zabbix_support.htm> (referer: http://docs.kernelcare.com/eportal_api.htm)
2018-12-12 14:45:06 [scrapy.core.engine] DEBUG: Crawled (200) <GET http://docs.kernelcare.com/kcare-nexpose.htm> (referer: http://docs.kernelcare.com/nagios__zabbix_support.htm)
2018-12-12 14:45:07 [scrapy.core.engine] DEBUG: Crawled (200) <GET http://docs.kernelcare.com/installation3.htm> (referer: http://docs.kernelcare.com/kcare-nexpose.htm)
2018-12-12 14:45:07 [scrapy.core.engine] DEBUG: Crawled (200) <GET http://docs.kernelcare.com/how_it_works.htm> (referer: http://docs.kernelcare.com/installation3.htm)
2018-12-12 14:45:08 [scrapy.core.engine] DEBUG: Crawled (200) <GET http://docs.kernelcare.com/how_to_launch.htm> (referer: http://docs.kernelcare.com/how_it_works.htm)
2018-12-12 14:45:09 [scrapy.core.engine] DEBUG: Crawled (200) <GET http://docs.kernelcare.com/yaml_config_file_description.htm> (referer: http://docs.kernelcare.com/how_to_launch.htm)
2018-12-12 14:45:09 [scrapy.core.engine] DEBUG: Crawled (200) <GET http://docs.kernelcare.com/kernelcare_whmcs_plugin.htm> (referer: http://docs.kernelcare.com/yaml_config_file_description.htm)
2018-12-12 14:45:09 [scrapy.core.engine] DEBUG: Crawled (200) <GET http://docs.kernelcare.com/overview.htm> (referer: http://docs.kernelcare.com/kernelcare_whmcs_plugin.htm)
2018-12-12 14:45:09 [scrapy.core.engine] DEBUG: Crawled (200) <GET http://docs.kernelcare.com/installation_configuration.htm> (referer: http://docs.kernelcare.com/overview.htm)
2018-12-12 14:45:10 [scrapy.core.engine] DEBUG: Crawled (200) <GET http://docs.kernelcare.com/installation_and_update.htm> (referer: http://docs.kernelcare.com/installation_configuration.htm)
2018-12-12 14:45:10 [scrapy.core.engine] DEBUG: Crawled (200) <GET http://docs.kernelcare.com/configuration_of_product.htm> (referer: http://docs.kernelcare.com/installation_and_update.htm)
2018-12-12 14:45:10 [scrapy.core.engine] DEBUG: Crawled (200) <GET http://docs.kernelcare.com/configuration_of_addon.htm> (referer: http://docs.kernelcare.com/configuration_of_product.htm)
2018-12-12 14:45:12 [scrapy.core.engine] DEBUG: Crawled (200) <GET http://docs.kernelcare.com/management.htm> (referer: http://docs.kernelcare.com/configuration_of_addon.htm)
2018-12-12 14:45:13 [scrapy.core.engine] DEBUG: Crawled (200) <GET http://docs.kernelcare.com/link_via_addon_optional_lice.htm> (referer: http://docs.kernelcare.com/management.htm)
2018-12-12 14:45:16 [scrapy.core.engine] DEBUG: Crawled (200) <GET http://docs.kernelcare.com/link_products_directly.htm> (referer: http://docs.kernelcare.com/link_via_addon_optional_lice.htm)
2018-12-12 14:45:17 [scrapy.core.engine] DEBUG: Crawled (200) <GET http://docs.kernelcare.com/link_via_configurable_options.htm> (referer: http://docs.kernelcare.com/link_products_directly.htm)
2018-12-12 14:45:18 [scrapy.core.engine] DEBUG: Crawled (200) <GET http://docs.kernelcare.com/link_addons_directly.htm> (referer: http://docs.kernelcare.com/link_via_configurable_options.htm)
2018-12-12 14:45:19 [scrapy.core.engine] DEBUG: Crawled (200) <GET http://docs.kernelcare.com/kernelcare_key_licenses.htm> (referer: http://docs.kernelcare.com/link_addons_directly.htm)
2018-12-12 14:45:22 [scrapy.core.engine] DEBUG: Crawled (200) <GET http://docs.kernelcare.com/order.htm> (referer: http://docs.kernelcare.com/kernelcare_key_licenses.htm)
2018-12-12 14:45:27 [scrapy.core.engine] DEBUG: Crawled (200) <GET http://docs.kernelcare.com/admin_area.htm> (referer: http://docs.kernelcare.com/order.htm)
2018-12-12 14:45:28 [scrapy.core.engine] DEBUG: Crawled (200) <GET http://docs.kernelcare.com/client_area.htm> (referer: http://docs.kernelcare.com/admin_area.htm)
2018-12-12 14:45:29 [scrapy.core.engine] DEBUG: Crawled (200) <GET http://docs.kernelcare.com/licenses_list.htm> (referer: http://docs.kernelcare.com/client_area.htm)
2018-12-12 14:45:30 [scrapy.core.engine] DEBUG: Crawled (200) <GET http://docs.kernelcare.com/add-on_licenses_list.htm> (referer: http://docs.kernelcare.com/licenses_list.htm)
2018-12-12 14:45:34 [scrapy.core.engine] DEBUG: Crawled (200) <GET http://docs.kernelcare.com/common_problems.htm> (referer: http://docs.kernelcare.com/add-on_licenses_list.htm)
2018-12-12 14:45:34 [scrapy.core.engine] DEBUG: Crawled (200) <GET http://docs.kernelcare.com/proxy_settings.htm> (referer: http://docs.kernelcare.com/common_problems.htm)
2018-12-12 14:45:36 [scrapy.core.engine] DEBUG: Crawled (200) <GET http://docs.kernelcare.com/eol_ubuntu_lts_kernels_support.htm> (referer: http://docs.kernelcare.com/proxy_settings.htm)
2018-12-12 14:45:36 [scrapy.core.engine] DEBUG: Crawled (200) <GET http://docs.kernelcare.com/downloading_documentation.htm> (referer: http://docs.kernelcare.com/eol_ubuntu_lts_kernels_support.htm)
2018-12-12 14:45:36 [scrapy.core.engine] INFO: Closing spider (finished)
2018-12-12 14:45:36 [scrapy.statscollectors] INFO: Dumping Scrapy stats:
{'downloader/request_bytes': 17699,
 'downloader/request_count': 60,
 'downloader/request_method_count/GET': 60,
 'downloader/response_bytes': 537441,
 'downloader/response_count': 60,
 'downloader/response_status_count/200': 59,
 'downloader/response_status_count/404': 1,
 'finish_reason': 'finished',
 'finish_time': datetime.datetime(2018, 12, 12, 11, 45, 36, 697869),
 'log_count/DEBUG': 61,
 'log_count/INFO': 7,
 'memusage/max': 75812864,
 'memusage/startup': 75808768,
 'request_depth_max': 58,
 'response_received_count': 60,
 'scheduler/dequeued': 59,
 'scheduler/dequeued/memory': 59,
 'scheduler/enqueued': 59,
 'scheduler/enqueued/memory': 59,
 'start_time': datetime.datetime(2018, 12, 12, 11, 44, 37, 917428)}
2018-12-12 14:45:36 [scrapy.core.engine] INFO: Spider closed (finished)